#
# A fatal error has been detected by the Java Runtime Environment:
#
#  EXCEPTION_ACCESS_VIOLATION (0xc0000005) at pc=0x0000000065dff524, pid=3368, tid=3524
#
# JRE version: Java(TM) SE Runtime Environment (7.0_55-b13) (build 1.7.0_55-b13)
# Java VM: Java HotSpot(TM) 64-Bit Server VM (24.55-b03 mixed mode windows-amd64 compressed oops)
# Problematic frame:
# V  [jvm.dll+0x3ff524]
#
# Failed to write core dump. Minidumps are not enabled by default on client versions of Windows
#
# If you would like to submit a bug report, please visit:
#   http://bugreport.sun.com/bugreport/crash.jsp
#

---------------  T H R E A D  ---------------

Current thread (0x0000000008d44800):  JavaThread "C2 CompilerThread0" daemon [_thread_in_native, id=3524, stack(0x000000000a7f0000,0x000000000a8f0000)]

siginfo: ExceptionCode=0xc0000005, reading address 0x000000008be8e060

Registers:
RAX=0x000000008be8e060, RBX=0x000000000a8ee490, RCX=0x0000000004c13ae0, RDX=0x0000000012f00050
RSP=0x000000000a8ee290, RBP=0x0000000000000000, RSI=0x0000000000000a1a, RDI=0x000000000be8ccc8
R8 =0x00000000000000b2, R9 =0x0000000000400000, R10=0x19f90679be001feb, R11=0x0000000032f00050
R12=0x0000000000000001, R13=0x000000000be8e028, R14=0x000000000000088a, R15=0x0000000000004450
RIP=0x0000000065dff524, EFLAGS=0x0000000000010246

Top of Stack: (sp=0x000000000a8ee290)
0x000000000a8ee290:   000000000a8ee490 000000000000088a
0x000000000a8ee2a0:   000000000a8eef10 0000000065e933e6
0x000000000a8ee2b0:   0000000000018360 0000000065f58fb8
0x000000000a8ee2c0:   000000000c525770 000000000a8ee4e0
0x000000000a8ee2d0:   0000000008d43c50 0000000065e93f9b
0x000000000a8ee2e0:   000000000a8ee3d0 000000000a8ee480
0x000000000a8ee2f0:   000000000a8eef10 000000000d96de68
0x000000000a8ee300:   000000000c52d758 0000000065e06ac2
0x000000000a8ee310:   0000000008d43c50 000000000a8ee410
0x000000000a8ee320:   000000000c526ed0 000000000c525770
0x000000000a8ee330:   0000000000000000 000000000a8ef6b8
0x000000000a8ee340:   0000000000000006 000000000c92d980
0x000000000a8ee350:   000000000a8ef820 000000000a8ef838
0x000000000a8ee360:   0000000008cd91d0 0000000000000004
0x000000000a8ee370:   0000000000000000 0000000000000000
0x000000000a8ee380:   0000000065fd0000 0000000000000000 

Instructions: (pc=0x0000000065dff524)
0x0000000065dff504:   4d 8b 2c 07 41 8b 45 1c 85 c0 0f 84 92 00 00 00
0x0000000065dff514:   33 ed 44 8b e0 0f 1f 80 00 00 00 00 49 8b 45 08
0x0000000065dff524:   48 8b 3c 28 48 85 ff 74 6c 40 f6 c7 01 75 66 48
0x0000000065dff534:   83 3f fe 74 60 8b 4f 28 8b c1 c1 e8 05 3b 43 30 


Register to memory mapping:

RAX=0x000000008be8e060 is an unknown value
RBX=0x000000000a8ee490 is pointing into the stack for thread: 0x0000000008d44800
RCX=0x0000000004c13ae0 is an unknown value
RDX=0x0000000012f00050 is an unknown value
RSP=0x000000000a8ee290 is pointing into the stack for thread: 0x0000000008d44800
RBP=0x0000000000000000 is an unknown value
RSI=0x0000000000000a1a is an unknown value
RDI=0x000000000be8ccc8 is an unknown value
R8 =0x00000000000000b2 is an unknown value
R9 =0x0000000000400000 is an unknown value
R10=0x19f90679be001feb is an unknown value
R11=0x0000000032f00050 is an unknown value
R12=0x0000000000000001 is an unknown value
R13=0x000000000be8e028 is an unknown value
R14=0x000000000000088a is an unknown value
R15=0x0000000000004450 is an unknown value


Stack: [0x000000000a7f0000,0x000000000a8f0000],  sp=0x000000000a8ee290,  free space=1016k
Native frames: (J=compiled Java code, j=interpreted, Vv=VM code, C=native code)
V  [jvm.dll+0x3ff524]

[error occurred during error reporting (printing native stack), id 0xc0000005]


Current CompileTask:
C2:4508059 2435             org.apache.ivy.core.module.descriptor.DefaultDependencyDescriptor::getDependencyConfigurations (787 bytes)


---------------  P R O C E S S  ---------------

Java Threads: ( => current thread )
  0x000000000dfc1000 JavaThread "Forward streams with process: command 'D:\AndroidSDK\build-tools\23.0.2\aapt.exe' Thread 3" [_thread_in_native, id=4768, stack(0x0000000011e50000,0x0000000011f50000)]
  0x000000000dfc7000 JavaThread "Forward streams with process: command 'D:\AndroidSDK\build-tools\23.0.2\aapt.exe' Thread 2" [_thread_in_native, id=2232, stack(0x0000000011960000,0x0000000011a60000)]
  0x000000000dfbe000 JavaThread "Forward streams with process: command 'D:\AndroidSDK\build-tools\23.0.2\aapt.exe'" [_thread_blocked, id=6516, stack(0x0000000011810000,0x0000000011910000)]
  0x000000000dfbb800 JavaThread "Run command 'D:\AndroidSDK\build-tools\23.0.2\aapt.exe'" [_thread_in_native, id=8824, stack(0x00000000104a0000,0x00000000105a0000)]
  0x000000000dfbf800 JavaThread "pool-6-thread-1" [_thread_blocked, id=3708, stack(0x000000000e860000,0x000000000e960000)]
  0x000000000dfc3000 JavaThread "Stdin handler" [_thread_blocked, id=7900, stack(0x0000000010390000,0x0000000010490000)]
  0x000000000dfca000 JavaThread "Daemon worker Thread 7" [_thread_blocked, id=592, stack(0x00000000101d0000,0x00000000102d0000)]
  0x000000000dfbb000 JavaThread "Cancel handler" [_thread_blocked, id=6512, stack(0x000000000d3e0000,0x000000000d4e0000)]
  0x000000000dfc9800 JavaThread "Handler for socket connection from /127.0.0.1:53101 to /127.0.0.1:58128" [_thread_in_native, id=8384, stack(0x000000000d290000,0x000000000d390000)]
  0x000000000dfc6000 JavaThread "Daemon Thread 7" [_thread_blocked, id=7672, stack(0x000000000cd90000,0x000000000ce90000)]
  0x000000000dfc5800 JavaThread "Java2D Disposer" daemon [_thread_blocked, id=8044, stack(0x0000000012e00000,0x0000000012f00000)]
  0x000000000b7ba000 JavaThread "File lock request listener" [_thread_in_native, id=5076, stack(0x000000000d540000,0x000000000d640000)]
  0x000000000b4b3000 JavaThread "Incoming local TCP Connector on port 53101" [_thread_in_native, id=6960, stack(0x000000000b960000,0x000000000ba60000)]
  0x0000000008d4a800 JavaThread "Service Thread" daemon [_thread_blocked, id=7180, stack(0x000000000ab00000,0x000000000ac00000)]
  0x0000000008d49800 JavaThread "C2 CompilerThread1" daemon [_thread_blocked, id=7924, stack(0x000000000a900000,0x000000000aa00000)]
=>0x0000000008d44800 JavaThread "C2 CompilerThread0" daemon [_thread_in_native, id=3524, stack(0x000000000a7f0000,0x000000000a8f0000)]
  0x0000000008d43000 JavaThread "Attach Listener" daemon [_thread_blocked, id=6548, stack(0x000000000a550000,0x000000000a650000)]
  0x0000000008cee800 JavaThread "Signal Dispatcher" daemon [_thread_blocked, id=7376, stack(0x000000000a360000,0x000000000a460000)]
  0x0000000008cd7000 JavaThread "Finalizer" daemon [_thread_blocked, id=8120, stack(0x000000000a200000,0x000000000a300000)]
  0x0000000008cce000 JavaThread "Reference Handler" daemon [_thread_blocked, id=8036, stack(0x000000000a030000,0x000000000a130000)]
  0x000000000243f000 JavaThread "main" [_thread_blocked, id=4060, stack(0x0000000002620000,0x0000000002720000)]

Other Threads:
  0x0000000008cca800 VMThread [stack: 0x0000000009e50000,0x0000000009f50000] [id=4544]
  0x0000000008d4f000 WatcherThread [stack: 0x000000000a6c0000,0x000000000a7c0000] [id=5420]

VM state:not at safepoint (normal execution)

VM Mutex/Monitor currently owned by a thread: None

Heap
 PSYoungGen      total 329216K, used 105563K [0x00000000eaa80000, 0x0000000100000000, 0x0000000100000000)
  eden space 309760K, 34% used [0x00000000eaa80000,0x00000000f1196ce8,0x00000000fd900000)
  from space 19456K, 0% used [0x00000000fd900000,0x00000000fd900000,0x00000000fec00000)
  to   space 18944K, 0% used [0x00000000fed80000,0x00000000fed80000,0x0000000100000000)
 ParOldGen       total 65024K, used 34968K [0x00000000c0000000, 0x00000000c3f80000, 0x00000000eaa80000)
  object space 65024K, 53% used [0x00000000c0000000,0x00000000c22262d0,0x00000000c3f80000)
 PSPermGen       total 92672K, used 56815K [0x00000000b0000000, 0x00000000b5a80000, 0x00000000c0000000)
  object space 92672K, 61% used [0x00000000b0000000,0x00000000b377bc90,0x00000000b5a80000)

Card table byte_map: [0x0000000005720000,0x00000000059b0000] byte_map_base: 0x00000000051a0000

Polling page: 0x0000000000330000

Code Cache  [0x0000000002720000, 0x0000000002f80000, 0x0000000005720000)
 total_blobs=2997 nmethods=2225 adapters=721 free_code_cache=40737Kb largest_free_block=41607360

Compilation events (10 events):
Event: 4507.247 Thread 0x0000000008d49800 2449             com.google.common.collect.AbstractMapBasedMultimap$AsMap$AsMapIterator::hasNext (10 bytes)
Event: 4507.247 Thread 0x0000000008d49800 nmethod 2449 0x0000000002f59050 code [0x0000000002f591a0, 0x0000000002f59258]
Event: 4507.247 Thread 0x0000000008d49800 2450             com.google.common.collect.AbstractMapBasedMultimap$AsMap$AsMapIterator::next (5 bytes)
Event: 4507.251 Thread 0x0000000008d49800 nmethod 2450 0x0000000002f57e50 code [0x0000000002f57fc0, 0x0000000002f58388]
Event: 4507.252 Thread 0x0000000008d49800 2451             com.google.common.collect.AbstractMapBasedMultimap$AsMap$AsMapIterator::next (35 bytes)
Event: 4507.257 Thread 0x0000000008d49800 nmethod 2451 0x0000000002f61e90 code [0x0000000002f62000, 0x0000000002f623c8]
Event: 4507.257 Thread 0x0000000008d49800 2452             com.sun.org.apache.xerces.internal.dom.DeferredDocumentImpl::getTypeInfo (99 bytes)
Event: 4507.258 Thread 0x0000000008d49800 nmethod 2452 0x0000000002f61a90 code [0x0000000002f61be0, 0x0000000002f61cd8]
Event: 4507.258 Thread 0x0000000008d49800 2453             com.sun.org.apache.xerces.internal.dom.ParentNode::getFirstChild (16 bytes)
Event: 4507.259 Thread 0x0000000008d49800 nmethod 2453 0x0000000002f64c90 code [0x0000000002f64de0, 0x0000000002f64ec8]

GC Heap History (10 events):
Event: 3398.177 GC heap before
{Heap before GC invocations=28 (full 5):
 PSYoungGen      total 328192K, used 448K [0x00000000eaa80000, 0x0000000100000000, 0x0000000100000000)
  eden space 307712K, 0% used [0x00000000eaa80000,0x00000000eaa80000,0x00000000fd700000)
  from space 20480K, 2% used [0x00000000fd700000,0x00000000fd770000,0x00000000feb00000)
  to   space 20480K, 0% used [0x00000000fec00000,0x00000000fec00000,0x0000000100000000)
 ParOldGen       total 65024K, used 33509K [0x00000000c0000000, 0x00000000c3f80000, 0x00000000eaa80000)
  object space 65024K, 51% used [0x00000000c0000000,0x00000000c20b97e0,0x00000000c3f80000)
 PSPermGen       total 99840K, used 54827K [0x00000000b0000000, 0x00000000b6180000, 0x00000000c0000000)
  object space 99840K, 54% used [0x00000000b0000000,0x00000000b358af98,0x00000000b6180000)
Event: 3398.490 GC heap after
Heap after GC invocations=28 (full 5):
 PSYoungGen      total 328192K, used 0K [0x00000000eaa80000, 0x0000000100000000, 0x0000000100000000)
  eden space 307712K, 0% used [0x00000000eaa80000,0x00000000eaa80000,0x00000000fd700000)
  from space 20480K, 0% used [0x00000000fd700000,0x00000000fd700000,0x00000000feb00000)
  to   space 20480K, 0% used [0x00000000fec00000,0x00000000fec00000,0x0000000100000000)
 ParOldGen       total 65024K, used 30644K [0x00000000c0000000, 0x00000000c3f80000, 0x00000000eaa80000)
  object space 65024K, 47% used [0x00000000c0000000,0x00000000c1ded2d8,0x00000000c3f80000)
 PSPermGen       total 97792K, used 54826K [0x00000000b0000000, 0x00000000b5f80000, 0x00000000c0000000)
  object space 97792K, 56% used [0x00000000b0000000,0x00000000b358aa58,0x00000000b5f80000)
}
Event: 3828.917 GC heap before
{Heap before GC invocations=29 (full 5):
 PSYoungGen      total 328192K, used 193419K [0x00000000eaa80000, 0x0000000100000000, 0x0000000100000000)
  eden space 307712K, 62% used [0x00000000eaa80000,0x00000000f6762c50,0x00000000fd700000)
  from space 20480K, 0% used [0x00000000fd700000,0x00000000fd700000,0x00000000feb00000)
  to   space 20480K, 0% used [0x00000000fec00000,0x00000000fec00000,0x0000000100000000)
 ParOldGen       total 65024K, used 30644K [0x00000000c0000000, 0x00000000c3f80000, 0x00000000eaa80000)
  object space 65024K, 47% used [0x00000000c0000000,0x00000000c1ded2d8,0x00000000c3f80000)
 PSPermGen       total 97792K, used 56290K [0x00000000b0000000, 0x00000000b5f80000, 0x00000000c0000000)
  object space 97792K, 57% used [0x00000000b0000000,0x00000000b36f8b78,0x00000000b5f80000)
Event: 3828.925 GC heap after
Heap after GC invocations=29 (full 5):
 PSYoungGen      total 330240K, used 4759K [0x00000000eaa80000, 0x0000000100000000, 0x0000000100000000)
  eden space 309760K, 0% used [0x00000000eaa80000,0x00000000eaa80000,0x00000000fd900000)
  from space 20480K, 23% used [0x00000000fec00000,0x00000000ff0a5df0,0x0000000100000000)
  to   space 19456K, 0% used [0x00000000fd900000,0x00000000fd900000,0x00000000fec00000)
 ParOldGen       total 65024K, used 30644K [0x00000000c0000000, 0x00000000c3f80000, 0x00000000eaa80000)
  object space 65024K, 47% used [0x00000000c0000000,0x00000000c1ded2d8,0x00000000c3f80000)
 PSPermGen       total 97792K, used 56290K [0x00000000b0000000, 0x00000000b5f80000, 0x00000000c0000000)
  object space 97792K, 57% used [0x00000000b0000000,0x00000000b36f8b78,0x00000000b5f80000)
}
Event: 3828.925 GC heap before
{Heap before GC invocations=30 (full 6):
 PSYoungGen      total 330240K, used 4759K [0x00000000eaa80000, 0x0000000100000000, 0x0000000100000000)
  eden space 309760K, 0% used [0x00000000eaa80000,0x00000000eaa80000,0x00000000fd900000)
  from space 20480K, 23% used [0x00000000fec00000,0x00000000ff0a5df0,0x0000000100000000)
  to   space 19456K, 0% used [0x00000000fd900000,0x00000000fd900000,0x00000000fec00000)
 ParOldGen       total 65024K, used 30644K [0x00000000c0000000, 0x00000000c3f80000, 0x00000000eaa80000)
  object space 65024K, 47% used [0x00000000c0000000,0x00000000c1ded2d8,0x00000000c3f80000)
 PSPermGen       total 97792K, used 56290K [0x00000000b0000000, 0x00000000b5f80000, 0x00000000c0000000)
  object space 97792K, 57% used [0x00000000b0000000,0x00000000b36f8b78,0x00000000b5f80000)
Event: 3829.265 GC heap after
Heap after GC invocations=30 (full 6):
 PSYoungGen      total 330240K, used 0K [0x00000000eaa80000, 0x0000000100000000, 0x0000000100000000)
  eden space 309760K, 0% used [0x00000000eaa80000,0x00000000eaa80000,0x00000000fd900000)
  from space 20480K, 0% used [0x00000000fec00000,0x00000000fec00000,0x0000000100000000)
  to   space 19456K, 0% used [0x00000000fd900000,0x00000000fd900000,0x00000000fec00000)
 ParOldGen       total 65024K, used 34602K [0x00000000c0000000, 0x00000000c3f80000, 0x00000000eaa80000)
  object space 65024K, 53% used [0x00000000c0000000,0x00000000c21cab88,0x00000000c3f80000)
 PSPermGen       total 95744K, used 56289K [0x00000000b0000000, 0x00000000b5d80000, 0x00000000c0000000)
  object space 95744K, 58% used [0x00000000b0000000,0x00000000b36f8510,0x00000000b5d80000)
}
Event: 4006.717 GC heap before
{Heap before GC invocations=31 (full 6):
 PSYoungGen      total 330240K, used 290408K [0x00000000eaa80000, 0x0000000100000000, 0x0000000100000000)
  eden space 309760K, 93% used [0x00000000eaa80000,0x00000000fc61a298,0x00000000fd900000)
  from space 20480K, 0% used [0x00000000fec00000,0x00000000fec00000,0x0000000100000000)
  to   space 19456K, 0% used [0x00000000fd900000,0x00000000fd900000,0x00000000fec00000)
 ParOldGen       total 65024K, used 34602K [0x00000000c0000000, 0x00000000c3f80000, 0x00000000eaa80000)
  object space 65024K, 53% used [0x00000000c0000000,0x00000000c21cab88,0x00000000c3f80000)
 PSPermGen       total 95744K, used 56627K [0x00000000b0000000, 0x00000000b5d80000, 0x00000000c0000000)
  object space 95744K, 59% used [0x00000000b0000000,0x00000000b374cd28,0x00000000b5d80000)
Event: 4006.722 GC heap after
Heap after GC invocations=31 (full 6):
 PSYoungGen      total 329216K, used 3024K [0x00000000eaa80000, 0x0000000100000000, 0x0000000100000000)
  eden space 309760K, 0% used [0x00000000eaa80000,0x00000000eaa80000,0x00000000fd900000)
  from space 19456K, 15% used [0x00000000fd900000,0x00000000fdbf4010,0x00000000fec00000)
  to   space 18944K, 0% used [0x00000000fed80000,0x00000000fed80000,0x0000000100000000)
 ParOldGen       total 65024K, used 34602K [0x00000000c0000000, 0x00000000c3f80000, 0x00000000eaa80000)
  object space 65024K, 53% used [0x00000000c0000000,0x00000000c21cab88,0x00000000c3f80000)
 PSPermGen       total 95744K, used 56627K [0x00000000b0000000, 0x00000000b5d80000, 0x00000000c0000000)
  object space 95744K, 59% used [0x00000000b0000000,0x00000000b374cd28,0x00000000b5d80000)
}
Event: 4006.722 GC heap before
{Heap before GC invocations=32 (full 7):
 PSYoungGen      total 329216K, used 3024K [0x00000000eaa80000, 0x0000000100000000, 0x0000000100000000)
  eden space 309760K, 0% used [0x00000000eaa80000,0x00000000eaa80000,0x00000000fd900000)
  from space 19456K, 15% used [0x00000000fd900000,0x00000000fdbf4010,0x00000000fec00000)
  to   space 18944K, 0% used [0x00000000fed80000,0x00000000fed80000,0x0000000100000000)
 ParOldGen       total 65024K, used 34602K [0x00000000c0000000, 0x00000000c3f80000, 0x00000000eaa80000)
  object space 65024K, 53% used [0x00000000c0000000,0x00000000c21cab88,0x00000000c3f80000)
 PSPermGen       total 95744K, used 56627K [0x00000000b0000000, 0x00000000b5d80000, 0x00000000c0000000)
  object space 95744K, 59% used [0x00000000b0000000,0x00000000b374cd28,0x00000000b5d80000)
Event: 4007.044 GC heap after
Heap after GC invocations=32 (full 7):
 PSYoungGen      total 329216K, used 0K [0x00000000eaa80000, 0x0000000100000000, 0x0000000100000000)
  eden space 309760K, 0% used [0x00000000eaa80000,0x00000000eaa80000,0x00000000fd900000)
  from space 19456K, 0% used [0x00000000fd900000,0x00000000fd900000,0x00000000fec00000)
  to   space 18944K, 0% used [0x00000000fed80000,0x00000000fed80000,0x0000000100000000)
 ParOldGen       total 65024K, used 34968K [0x00000000c0000000, 0x00000000c3f80000, 0x00000000eaa80000)
  object space 65024K, 53% used [0x00000000c0000000,0x00000000c22262d0,0x00000000c3f80000)
 PSPermGen       total 92672K, used 56626K [0x00000000b0000000, 0x00000000b5a80000, 0x00000000c0000000)
  object space 92672K, 61% used [0x00000000b0000000,0x00000000b374c988,0x00000000b5a80000)
}

Deoptimization events (10 events):
Event: 3827.667 Thread 0x000000000dfbb000 Uncommon trap: reason=class_check action=maybe_recompile pc=0x0000000002c6ba18 method=java.io.DataOutputStream.writeBytes(Ljava/lang/String;)V @ 22
Event: 3827.667 Thread 0x000000000dfbb000 Uncommon trap: reason=class_check action=maybe_recompile pc=0x0000000002c6ba18 method=java.io.DataOutputStream.writeBytes(Ljava/lang/String;)V @ 22
Event: 3827.667 Thread 0x000000000dfbb000 Uncommon trap: reason=class_check action=maybe_recompile pc=0x0000000002c6ba18 method=java.io.DataOutputStream.writeBytes(Ljava/lang/String;)V @ 22
Event: 3827.685 Thread 0x000000000dfbb000 Uncommon trap: reason=bimorphic action=maybe_recompile pc=0x0000000002ec2ef0 method=java.io.DataOutputStream.writeBytes(Ljava/lang/String;)V @ 22
Event: 3827.685 Thread 0x000000000dfbb000 Uncommon trap: reason=bimorphic action=maybe_recompile pc=0x0000000002ec2ef0 method=java.io.DataOutputStream.writeBytes(Ljava/lang/String;)V @ 22
Event: 3827.685 Thread 0x000000000dfbb000 Uncommon trap: reason=bimorphic action=maybe_recompile pc=0x0000000002ec2ef0 method=java.io.DataOutputStream.writeBytes(Ljava/lang/String;)V @ 22
Event: 3827.685 Thread 0x000000000dfbb000 Uncommon trap: reason=bimorphic action=maybe_recompile pc=0x0000000002ec2ef0 method=java.io.DataOutputStream.writeBytes(Ljava/lang/String;)V @ 22
Event: 3927.019 Thread 0x000000000dfbb000 Uncommon trap: reason=bimorphic action=maybe_recompile pc=0x0000000002cd7604 method=java.io.BufferedInputStream.read1([BII)I @ 39
Event: 3927.055 Thread 0x000000000dfbb000 Uncommon trap: reason=unreached action=reinterpret pc=0x0000000002ee96f8 method=sun.security.provider.DigestBase.engineUpdate(B)V @ 4
Event: 3927.378 Thread 0x000000000dfbb000 Uncommon trap: reason=unreached action=reinterpret pc=0x0000000002eea540 method=sun.security.provider.DigestBase.engineUpdate(B)V @ 4

Internal exceptions (10 events):
Event: 4506.482 Thread 0x000000000dfca000 Threw 0x00000000eb134990 at C:\re\jdk7u55\869\hotspot\src\share\vm\prims\jvm.cpp:1244
Event: 4506.483 Thread 0x000000000dfca000 Threw 0x00000000eb13cdd8 at C:\re\jdk7u55\869\hotspot\src\share\vm\prims\jvm.cpp:1244
Event: 4506.483 Thread 0x000000000dfca000 Threw 0x00000000eb140f00 at C:\re\jdk7u55\869\hotspot\src\share\vm\prims\jvm.cpp:1244
Event: 4506.483 Thread 0x000000000dfca000 Threw 0x00000000eb145880 at C:\re\jdk7u55\869\hotspot\src\share\vm\prims\jvm.cpp:1244
Event: 4506.483 Thread 0x000000000dfca000 Threw 0x00000000eb1468c8 at C:\re\jdk7u55\869\hotspot\src\share\vm\prims\jvm.cpp:1244
Event: 4506.483 Thread 0x000000000dfca000 Threw 0x00000000eb14fc70 at C:\re\jdk7u55\869\hotspot\src\share\vm\prims\jvm.cpp:1244
Event: 4506.485 Thread 0x000000000dfca000 Threw 0x00000000eb177200 at C:\re\jdk7u55\869\hotspot\src\share\vm\prims\jvm.cpp:1244
Event: 4506.486 Thread 0x000000000dfca000 Threw 0x00000000eb17c720 at C:\re\jdk7u55\869\hotspot\src\share\vm\prims\jvm.cpp:1244
Event: 4506.486 Thread 0x000000000dfca000 Threw 0x00000000eb17da00 at C:\re\jdk7u55\869\hotspot\src\share\vm\prims\jvm.cpp:1244
Event: 4506.486 Thread 0x000000000dfca000 Threw 0x00000000eb187a18 at C:\re\jdk7u55\869\hotspot\src\share\vm\prims\jvm.cpp:1244

Events (10 events):
Event: 4506.482 loading class 0x000000000b64e930 done
Event: 4506.483 loading class 0x000000000dff0e70
Event: 4506.483 loading class 0x000000000dff0e70 done
Event: 4506.483 loading class 0x000000000b64eb30
Event: 4506.483 loading class 0x000000000b64eb30 done
Event: 4506.485 loading class 0x000000000c4e60e0
Event: 4506.485 loading class 0x000000000c4e60e0 done
Event: 4506.486 loading class 0x000000000e155810
Event: 4506.486 loading class 0x000000000e155810 done
Event: 4507.205 Thread 0x000000000dfbf800 Thread added: 0x000000000dfbf800


Dynamic libraries:
0x000000013f9b0000 - 0x000000013f9e3000 	D:\Program Files\Java\jdk1.7.0_55\bin\java.exe
0x00000000776e0000 - 0x000000007788a000 	C:\windows\SYSTEM32\ntdll.dll
0x00000000775c0000 - 0x00000000776df000 	C:\windows\system32\kernel32.dll
0x000007fefd4b0000 - 0x000007fefd51b000 	C:\windows\system32\KERNELBASE.dll
0x000007feff910000 - 0x000007feff9eb000 	C:\windows\system32\ADVAPI32.dll
0x000007feff630000 - 0x000007feff6cf000 	C:\windows\system32\msvcrt.dll
0x000007feff3c0000 - 0x000007feff3df000 	C:\windows\SYSTEM32\sechost.dll
0x000007feff460000 - 0x000007feff58d000 	C:\windows\system32\RPCRT4.dll
0x0000000077380000 - 0x000000007747a000 	C:\windows\system32\USER32.dll
0x000007fefd720000 - 0x000007fefd787000 	C:\windows\system32\GDI32.dll
0x000007fefdcc0000 - 0x000007fefdcce000 	C:\windows\system32\LPK.dll
0x000007fefdba0000 - 0x000007fefdc6a000 	C:\windows\system32\USP10.dll
0x000007fefca60000 - 0x000007fefcc54000 	C:\windows\WinSxS\amd64_microsoft.windows.common-controls_6595b64144ccf1df_6.0.7601.18837_none_fa3b1e3d17594757\COMCTL32.dll
0x000007fefedd0000 - 0x000007fefee41000 	C:\windows\system32\SHLWAPI.dll
0x000007feff390000 - 0x000007feff3be000 	C:\windows\system32\IMM32.DLL
0x000007feff6d0000 - 0x000007feff7d9000 	C:\windows\system32\MSCTF.dll
0x000007fefd170000 - 0x000007fefd19f000 	C:\windows\system32\nvinitx.dll
0x000000000f000000 - 0x000000000f006000 	C:\Program Files\NVIDIA Corporation\CoProcManager\detoured.dll
0x000007fef9fd0000 - 0x000007fefa003000 	C:\Program Files\NVIDIA Corporation\CoProcManager\nvd3d9wrapx.dll
0x000007fefdcd0000 - 0x000007fefdea7000 	C:\windows\system32\SETUPAPI.dll
0x000007fefd280000 - 0x000007fefd2b6000 	C:\windows\system32\CFGMGR32.dll
0x000007fefd790000 - 0x000007fefd867000 	C:\windows\system32\OLEAUT32.dll
0x000007fefee50000 - 0x000007feff053000 	C:\windows\system32\ole32.dll
0x000007fefd650000 - 0x000007fefd66a000 	C:\windows\system32\DEVOBJ.dll
0x000007fef9fa0000 - 0x000007fef9fc3000 	C:\Program Files\NVIDIA Corporation\CoProcManager\nvdxgiwrapx.dll
0x0000000068240000 - 0x0000000068312000 	D:\Program Files\Java\jdk1.7.0_55\jre\bin\msvcr100.dll
0x0000000065a00000 - 0x00000000661c9000 	D:\Program Files\Java\jdk1.7.0_55\jre\bin\server\jvm.dll
0x000007fef64b0000 - 0x000007fef64b9000 	C:\windows\system32\WSOCK32.dll
0x000007fefdc70000 - 0x000007fefdcbd000 	C:\windows\system32\WS2_32.dll
0x000007feff7e0000 - 0x000007feff7e8000 	C:\windows\system32\NSI.dll
0x000007fefd530000 - 0x000007fefd56b000 	C:\windows\system32\WINMM.dll
0x00000000778b0000 - 0x00000000778b7000 	C:\windows\system32\PSAPI.DLL
0x000000006b0d0000 - 0x000000006b0df000 	D:\Program Files\Java\jdk1.7.0_55\jre\bin\verify.dll
0x0000000069e00000 - 0x0000000069e28000 	D:\Program Files\Java\jdk1.7.0_55\jre\bin\java.dll
0x0000000068f60000 - 0x0000000068f75000 	D:\Program Files\Java\jdk1.7.0_55\jre\bin\zip.dll
0x0000000068f40000 - 0x0000000068f59000 	D:\Program Files\Java\jdk1.7.0_55\jre\bin\net.dll
0x000007fefc6a0000 - 0x000007fefc6f5000 	C:\windows\system32\mswsock.dll
0x000007fefc690000 - 0x000007fefc697000 	C:\windows\System32\wship6.dll
0x0000000068f20000 - 0x0000000068f31000 	D:\Program Files\Java\jdk1.7.0_55\jre\bin\nio.dll
0x000007fef6040000 - 0x000007fef6052000 	C:\Users\Administrator\.gradle\native\19\windows-amd64\native-platform.dll
0x000007fefafc0000 - 0x000007fefafe7000 	C:\windows\system32\IPHLPAPI.DLL
0x000007fefafb0000 - 0x000007fefafbb000 	C:\windows\system32\WINNSI.DLL
0x000007fef9ce0000 - 0x000007fef9cf1000 	C:\windows\system32\dhcpcsvc6.DLL
0x000007fef9cc0000 - 0x000007fef9cd8000 	C:\windows\system32\dhcpcsvc.DLL
0x000007fefc700000 - 0x000007fefc718000 	C:\windows\system32\CRYPTSP.dll
0x000007fefc400000 - 0x000007fefc447000 	C:\windows\system32\rsaenh.dll
0x000007fefd260000 - 0x000007fefd27e000 	C:\windows\system32\USERENV.dll
0x000007fefd240000 - 0x000007fefd24f000 	C:\windows\system32\profapi.dll
0x000007fefd0a0000 - 0x000007fefd0af000 	C:\windows\system32\CRYPTBASE.dll
0x000007fefd040000 - 0x000007fefd097000 	C:\windows\system32\apphelp.dll
0x0000000069ec0000 - 0x0000000069ecb000 	D:\Program Files\Java\jdk1.7.0_55\jre\bin\management.dll
0x0000000068560000 - 0x0000000068584000 	D:\Program Files\Java\jdk1.7.0_55\jre\bin\sunec.dll
0x0000000069b90000 - 0x0000000069b9b000 	D:\Program Files\Java\jdk1.7.0_55\jre\bin\sunmscapi.dll
0x000007fefd2f0000 - 0x000007fefd45d000 	C:\windows\system32\CRYPT32.dll
0x000007fefd230000 - 0x000007fefd23f000 	C:\windows\system32\MSASN1.dll
0x0000000180000000 - 0x000000018003c000 	C:\windows\system32\XLaccLSP64.dll
0x000007fefc090000 - 0x000007fefc097000 	C:\windows\System32\wshtcpip.dll
0x000007fefc520000 - 0x000007fefc57b000 	C:\windows\system32\DNSAPI.dll
0x000007fef6930000 - 0x000007fef6938000 	C:\windows\system32\rasadhlp.dll
0x000007fef9d60000 - 0x000007fef9db3000 	C:\windows\System32\fwpuclnt.dll
0x000007fefcd50000 - 0x000007fefcd65000 	C:\windows\system32\NLAapi.dll
0x000007fef5760000 - 0x000007fef5775000 	C:\windows\system32\napinsp.dll
0x000007fef5710000 - 0x000007fef5729000 	C:\windows\system32\pnrpnsp.dll
0x000007fef56f0000 - 0x000007fef56fb000 	C:\windows\System32\winrnr.dll
0x000007fef56e0000 - 0x000007fef56f0000 	C:\windows\system32\wshbth.dll
0x0000000068d80000 - 0x0000000068f15000 	D:\Program Files\Java\jdk1.7.0_55\jre\bin\awt.dll
0x000007fefd2c0000 - 0x000007fefd2d8000 	C:\windows\system32\DWMAPI.DLL
0x0000000068530000 - 0x000000006855a000 	D:\Program Files\Java\jdk1.7.0_55\jre\bin\dcpr.dll
0x000007feee750000 - 0x000007feee875000 	C:\windows\system32\dbghelp.dll

VM Arguments:
jvm_args: -XX:MaxPermSize=256m -XX:+HeapDumpOnOutOfMemoryError -Xmx1024m -Dfile.encoding=GBK -Duser.country=CN -Duser.language=zh -Duser.variant 
java_command: org.gradle.launcher.daemon.bootstrap.GradleDaemon 2.8
Launcher Type: SUN_STANDARD

Environment Variables:
JAVA_HOME=D:\Program Files\Java\jdk1.7.0_55
PATH=C:\Program Files (x86)\NVIDIA Corporation\PhysX\Common;C:\windows\system32;C:\windows;C:\windows\System32\Wbem;C:\windows\System32\WindowsPowerShell\v1.0\;D:\Program Files\Java\jdk1.7.0_55\bin;D:\Program Files\TortoiseSVN\bin;D:\Program Files\Cygwin\bin;C:\Program Files\Microsoft\Web Platform Installer\;C:\Program Files (x86)\Microsoft ASP.NET\ASP.NET Web Pages\v1.0\;C:\Program Files\Microsoft SQL Server\110\Tools\Binn\;D:\Program Files\apache-tomcat-7.0.53\bin;D:\Program Files\nodejs\;D:\Program Files\apache-ant-1.9.6\bin;D:\AndroidSDK\platform-tools;D:\AndroidSDK\tools;D:\Program Files\nodejs\node_global;D:\Program Files (x86)\MinGW\bin;D:\Program Files (x86)\CMake\bin;C:\Users\Administrator\AppData\Roaming\npm
USERNAME=HTT
OS=Windows_NT
PROCESSOR_IDENTIFIER=Intel64 Family 6 Model 60 Stepping 3, GenuineIntel



---------------  S Y S T E M  ---------------

OS: Windows 7 , 64 bit Build 7601 Service Pack 1

CPU:total 4 (2 cores per cpu, 2 threads per core) family 6 model 60 stepping 3, cmov, cx8, fxsr, mmx, sse, sse2, sse3, ssse3, sse4.1, sse4.2, popcnt, avx, avx2, aes, erms, ht, tsc, tscinvbit

Memory: 4k page, physical 4075668k(352028k free), swap 7361416k(823108k free)

vm_info: Java HotSpot(TM) 64-Bit Server VM (24.55-b03) for windows-amd64 JRE (1.7.0_55-b13), built on Mar 17 2014 19:45:30 by "java_re" with unknown MS VC++:1600

time: Tue Mar 08 23:11:48 2016
elapsed time: 4507 seconds

